<?xml version="1.0" encoding="UTF-8" ?>
<testsuite errors="0" failures="0" hostname="LAPTOP-JHUB77O8" name="com.test.CalculatorTest" skipped="0" tests="8" time="0.109" timestamp="2021-05-18T15:45:22">
  <properties>
[...]
</properties>
  <testcase classname="com.test.CalculatorTest" name="substract" time="0.0" />
  <testcase classname="com.test.CalculatorTest" name="square" time="0.0" />
  <testcase classname="com.test.CalculatorTest" name="squareRoot" time="0.0" />
  <testcase classname="com.test.CalculatorTest" name="getResult" time="0.0" />
  <testcase classname="com.test.CalculatorTest" name="add" time="0.0" />
  <testcase classname="com.test.CalculatorTest" name="clear" time="0.0" />
  <testcase classname="com.test.CalculatorTest" name="divide" time="0.0" />
  <testcase classname="com.test.CalculatorTest" name="multiply" time="0.0" />
  <system-out><![CDATA[test substract
test square
test superRoot
test Result
test add
test clear
test divide
test multiply
]]></system-out>
  <system-err><![CDATA[]]></system-err>
</testsuite>
